<?xml version="1.0" encoding="UTF-8"?>
<!-- Generated by org.testng.reporters.JUnitReportReporter -->
<testsuite hostname="amit" name="testcases.LoginNg" tests="1" failures="0" timestamp="24 Aug 2016 06:08:01 GMT" time="13.348" errors="0">
  <testcase name="testLogin" time="13.348" classname="testcases.LoginNg"/>
</testsuite> <!-- testcases.LoginNg -->
