<?xml version="1.0" encoding="UTF-8"?>
<!-- Generated by org.testng.reporters.JUnitReportReporter -->
<testsuite hostname="anujchauhan" name="testcases.LoginNg" tests="1" failures="0" timestamp="30 Jun 2016 06:50:08 GMT" time="15.199" errors="0">
  <testcase name="testLogin" time="15.199" classname="testcases.LoginNg"/>
</testsuite> <!-- testcases.LoginNg -->
