<?xml version="1.0" encoding="UTF-8"?>
<!-- Generated by org.testng.reporters.JUnitReportReporter -->
<testsuite hostname="anujchauhan" name="testcases.DeleteDataroom" tests="1" failures="0" timestamp="1 Jul 2016 06:16:40 GMT" time="20.236" errors="0">
  <testcase name="deleteDataroom" time="20.236" classname="testcases.DeleteDataroom"/>
</testsuite> <!-- testcases.DeleteDataroom -->
