<?xml version="1.0" encoding="UTF-8"?>
<!-- Generated by org.testng.reporters.JUnitReportReporter -->
<testsuite hostname="anujchauhan" name="testcases.AddDataroomNg" tests="1" failures="0" timestamp="30 Jun 2016 11:09:26 GMT" time="26.865" errors="0">
  <testcase name="testrestrictpeople" time="26.865" classname="testcases.AddDataroomNg"/>
</testsuite> <!-- testcases.AddDataroomNg -->
