<?xml version="1.0" encoding="UTF-8"?>
<!-- Generated by org.testng.reporters.JUnitReportReporter -->
<testsuite hostname="amit" name="testcases.EditDataroom" tests="2" failures="0" timestamp="4 Aug 2016 09:30:27 GMT" time="68.078" errors="0">
  <testcase name="f" time="35.956" classname="testcases.EditDataroom"/>
  <testcase name="f" time="32.122" classname="testcases.EditDataroom"/>
</testsuite> <!-- testcases.EditDataroom -->
